{
  "RSpec": {
    "coverage": {
      "/Users/acc/Projects/github/reliant/app/models/json_form.rb": {
        "lines": [
          1,
          1,
          null,
          1,
          null,
          1,
          null,
          1,
          null,
          1,
          1,
          null,
          1,
          1,
          1,
          1,
          1,
          1,
          1,
          null,
          null,
          1,
          13,
          null,
          null,
          1,
          13,
          null,
          null,
          1,
          13,
          null,
          null,
          1,
          13,
          null,
          null,
          1,
          13,
          null,
          null,
          1,
          13,
          null,
          null,
          1,
          null,
          13,
          null,
          2,
          2,
          null,
          null,
          null,
          1,
          13,
          5,
          5,
          5,
          null,
          null,
          null,
          null,
          null,
          null,
          null,
          null,
          1,
          1,
          30,
          15,
          15,
          10,
          3,
          2,
          null,
          1,
          null,
          null,
          7,
          null,
          null,
          10,
          2,
          null,
          8,
          null,
          null,
          5,
          null,
          null,
          null,
          1,
          58,
          28,
          30,
          18,
          1,
          17,
          3,
          null,
          14,
          null,
          null,
          12,
          null,
          null,
          null,
          1,
          54,
          26,
          28,
          16,
          1,
          15,
          2,
          null,
          13,
          null,
          null,
          12,
          null,
          null,
          null,
          1,
          58,
          28,
          30,
          18,
          1,
          17,
          3,
          null,
          14,
          null,
          null,
          12,
          null,
          null,
          null,
          1,
          58,
          28,
          30,
          18,
          1,
          17,
          3,
          null,
          14,
          null,
          null,
          12,
          null,
          null,
          null,
          1,
          56,
          27,
          29,
          18,
          2,
          16,
          3,
          null,
          13,
          null,
          null,
          11,
          null,
          null,
          null,
          1,
          58,
          28,
          30,
          18,
          1,
          17,
          3,
          null,
          14,
          null,
          null,
          12,
          null,
          null,
          null,
          null,
          null
        ]
      },
      "/Users/acc/Projects/github/reliant/app/models/application_record.rb": {
        "lines": [
          1,
          1,
          null
        ]
      },
      "/Users/acc/Projects/github/reliant/app/models/values_form.rb": {
        "lines": [
          1,
          1,
          null,
          1,
          null
        ]
      },
      "/Users/acc/Projects/github/reliant/app/channels/application_cable/channel.rb": {
        "lines": [
          0,
          0,
          0,
          0
        ],
        "branches": {
        }
      },
      "/Users/acc/Projects/github/reliant/app/channels/application_cable/connection.rb": {
        "lines": [
          0,
          0,
          0,
          0
        ],
        "branches": {
        }
      },
      "/Users/acc/Projects/github/reliant/app/controllers/application_controller.rb": {
        "lines": [
          0,
          0
        ],
        "branches": {
        }
      },
      "/Users/acc/Projects/github/reliant/app/controllers/json_forms_controller.rb": {
        "lines": [
          0,
          0,
          null,
          null,
          0,
          0,
          null,
          0,
          0,
          null,
          null,
          0,
          0,
          0,
          null,
          null,
          0,
          0,
          null,
          0,
          0,
          0,
          0,
          0,
          0,
          null,
          null,
          0,
          0,
          0,
          0,
          0,
          0,
          0,
          null,
          null,
          0,
          0,
          0,
          null,
          0,
          null,
          0,
          0,
          0,
          null,
          null,
          0,
          0,
          0,
          0
        ],
        "branches": {
        }
      },
      "/Users/acc/Projects/github/reliant/app/controllers/values_forms_controller.rb": {
        "lines": [
          0,
          0,
          null,
          null,
          0,
          0,
          null,
          0,
          0,
          null,
          null,
          0,
          0,
          0,
          null,
          null,
          0,
          0,
          null,
          0,
          0,
          0,
          0,
          0,
          0,
          null,
          null,
          0,
          0,
          0,
          0,
          0,
          0,
          0,
          null,
          null,
          0,
          0,
          0,
          null,
          0,
          null,
          0,
          0,
          0,
          null,
          null,
          0,
          0,
          0,
          0
        ],
        "branches": {
        }
      },
      "/Users/acc/Projects/github/reliant/app/jobs/application_job.rb": {
        "lines": [
          0,
          null,
          null,
          null,
          null,
          null,
          0
        ],
        "branches": {
        }
      },
      "/Users/acc/Projects/github/reliant/app/mailers/application_mailer.rb": {
        "lines": [
          0,
          0,
          0,
          0
        ],
        "branches": {
        }
      }
    },
    "timestamp": 1636257689
  }
}
