{
  "RSpec": {
    "coverage": {
      "/Users/acc/Projects/github/reliant/app/models/json_form.rb": {
        "lines": [
          1,
          1,
          null,
          1,
          null,
          1,
          null,
          1,
          null,
          1,
          1,
          null,
          1,
          1,
          1,
          1,
          1,
          1,
          1,
          1,
          null,
          1,
          15,
          null,
          null,
          1,
          15,
          null,
          null,
          1,
          15,
          null,
          null,
          1,
          15,
          null,
          null,
          1,
          15,
          null,
          null,
          1,
          15,
          null,
          null,
          1,
          15,
          null,
          null,
          1,
          0,
          null,
          null,
          1,
          null,
          15,
          null,
          2,
          2,
          null,
          null,
          null,
          1,
          15,
          null,
          6,
          6,
          6,
          null,
          null,
          1,
          6,
          6,
          13,
          null,
          null,
          6,
          2,
          2,
          null,
          2,
          2,
          null,
          2,
          2,
          2,
          4,
          4,
          4,
          null,
          0,
          null,
          null,
          2,
          null,
          null,
          null,
          1,
          6,
          null,
          6,
          19,
          19,
          null,
          19,
          null,
          null,
          6,
          null,
          null,
          1,
          1,
          38,
          19,
          19,
          13,
          4,
          3,
          null,
          1,
          null,
          null,
          9,
          0,
          9,
          9,
          null,
          0,
          null,
          null,
          9,
          null,
          9,
          null,
          null,
          13,
          3,
          null,
          10,
          null,
          null,
          6,
          null,
          null,
          null,
          1,
          70,
          34,
          36,
          22,
          1,
          21,
          4,
          null,
          17,
          null,
          null,
          14,
          null,
          null,
          null,
          1,
          66,
          32,
          34,
          20,
          1,
          19,
          3,
          null,
          16,
          null,
          null,
          14,
          null,
          null,
          null,
          1,
          70,
          34,
          36,
          22,
          1,
          21,
          4,
          null,
          17,
          null,
          null,
          14,
          null,
          null,
          null,
          1,
          70,
          34,
          36,
          22,
          1,
          21,
          4,
          null,
          17,
          null,
          null,
          14,
          null,
          null,
          null,
          1,
          68,
          33,
          35,
          22,
          2,
          20,
          4,
          null,
          16,
          null,
          null,
          13,
          null,
          null,
          null,
          1,
          70,
          34,
          36,
          22,
          1,
          21,
          4,
          null,
          17,
          null,
          null,
          14,
          null,
          null,
          null,
          1,
          68,
          33,
          35,
          22,
          2,
          20,
          4,
          null,
          16,
          null,
          null,
          13,
          null,
          null,
          null,
          null
        ]
      },
      "/Users/acc/Projects/github/reliant/app/models/application_record.rb": {
        "lines": [
          1,
          1,
          null
        ]
      },
      "/Users/acc/Projects/github/reliant/app/models/values_form.rb": {
        "lines": [
          1,
          1,
          1,
          1,
          null,
          1,
          null,
          1,
          null,
          1,
          null,
          1,
          null,
          1,
          3,
          null,
          1,
          7,
          null,
          1,
          6,
          6,
          null,
          null,
          1,
          null,
          null
        ]
      },
      "/Users/acc/Projects/github/reliant/app/channels/application_cable/channel.rb": {
        "lines": [
          0,
          0,
          0,
          0
        ],
        "branches": {
        }
      },
      "/Users/acc/Projects/github/reliant/app/channels/application_cable/connection.rb": {
        "lines": [
          0,
          0,
          0,
          0
        ],
        "branches": {
        }
      },
      "/Users/acc/Projects/github/reliant/app/controllers/application_controller.rb": {
        "lines": [
          0,
          0
        ],
        "branches": {
        }
      },
      "/Users/acc/Projects/github/reliant/app/controllers/json_forms_controller.rb": {
        "lines": [
          0,
          0,
          null,
          null,
          0,
          0,
          null,
          0,
          0,
          null,
          null,
          0,
          0,
          0,
          null,
          null,
          0,
          0,
          null,
          0,
          0,
          0,
          0,
          0,
          0,
          null,
          null,
          0,
          0,
          0,
          0,
          0,
          0,
          0,
          null,
          null,
          0,
          0,
          0,
          null,
          0,
          null,
          0,
          0,
          0,
          null,
          null,
          0,
          0,
          0,
          0
        ],
        "branches": {
        }
      },
      "/Users/acc/Projects/github/reliant/app/controllers/values_forms_controller.rb": {
        "lines": [
          0,
          0,
          null,
          null,
          0,
          0,
          null,
          0,
          0,
          null,
          null,
          0,
          0,
          0,
          null,
          null,
          0,
          0,
          null,
          0,
          0,
          0,
          0,
          0,
          0,
          null,
          null,
          0,
          0,
          0,
          0,
          0,
          0,
          0,
          null,
          null,
          0,
          0,
          0,
          null,
          0,
          null,
          0,
          0,
          0,
          null,
          null,
          0,
          0,
          0,
          0
        ],
        "branches": {
        }
      },
      "/Users/acc/Projects/github/reliant/app/jobs/application_job.rb": {
        "lines": [
          0,
          null,
          null,
          null,
          null,
          null,
          0
        ],
        "branches": {
        }
      },
      "/Users/acc/Projects/github/reliant/app/mailers/application_mailer.rb": {
        "lines": [
          0,
          0,
          0,
          0
        ],
        "branches": {
        }
      }
    },
    "timestamp": 1636315112
  }
}
